<?xml version="1.0" encoding="UTF-8"?>
<testng-results skipped="0" failed="0" total="1" passed="1">
  <reporter-output>
  </reporter-output>
  <suite name="Default suite" duration-ms="61711" started-at="2015-04-20T12:22:19Z" finished-at="2015-04-20T12:23:20Z">
    <groups>
    </groups>
    <test name="Default test" duration-ms="61711" started-at="2015-04-20T12:22:19Z" finished-at="2015-04-20T12:23:20Z">
      <class name="DataDriver.ReadDataTest">
        <test-method status="PASS" signature="EnvironmentalSetup()[pri:0, instance:DataDriver.ReadDataTest@16da649]" name="EnvironmentalSetup" is-config="true" duration-ms="55050" started-at="2015-04-20T17:52:19Z" finished-at="2015-04-20T17:53:14Z">
          <reporter-output>
          </reporter-output>
        </test-method> <!-- EnvironmentalSetup -->
        <test-method status="PASS" signature="GmailLoginPage()[pri:0, instance:DataDriver.ReadDataTest@16da649]" name="GmailLoginPage" duration-ms="6639" started-at="2015-04-20T17:53:14Z" finished-at="2015-04-20T17:53:20Z">
          <reporter-output>
          </reporter-output>
        </test-method> <!-- GmailLoginPage -->
      </class> <!-- DataDriver.ReadDataTest -->
    </test> <!-- Default test -->
  </suite> <!-- Default suite -->
</testng-results>
